[Thu Dec 03 20:04:54.544148 2020] [ssl:warn] [pid 5164:tid 568] AH01909: www.example.com:443:0 server certificate does NOT include an ID which matches the server name
[Thu Dec 03 20:04:54.879942 2020] [ssl:warn] [pid 5164:tid 568] AH01909: www.example.com:443:0 server certificate does NOT include an ID which matches the server name
[Thu Dec 03 20:04:56.637699 2020] [mpm_winnt:notice] [pid 5164:tid 568] AH00455: Apache/2.4.46 (Win64) OpenSSL/1.1.1h PHP/7.4.13 configured -- resuming normal operations
[Thu Dec 03 20:04:56.637699 2020] [mpm_winnt:notice] [pid 5164:tid 568] AH00456: Apache Lounge VC15 Server built: Oct  3 2020 12:58:33
[Thu Dec 03 20:04:56.637699 2020] [core:notice] [pid 5164:tid 568] AH00094: Command line: 'E:\\XAMPP\\apache\\bin\\httpd.exe -d E:/XAMPP/apache'
[Thu Dec 03 20:04:56.658692 2020] [mpm_winnt:notice] [pid 5164:tid 568] AH00418: Parent: Created child process 3336
[Thu Dec 03 20:04:57.396312 2020] [ssl:warn] [pid 3336:tid 676] AH01909: www.example.com:443:0 server certificate does NOT include an ID which matches the server name
[Thu Dec 03 20:04:57.482260 2020] [ssl:warn] [pid 3336:tid 676] AH01909: www.example.com:443:0 server certificate does NOT include an ID which matches the server name
[Thu Dec 03 20:04:57.529229 2020] [mpm_winnt:notice] [pid 3336:tid 676] AH00354: Child: Starting 150 worker threads.
[Thu Dec 03 20:07:33.800608 2020] [mpm_winnt:crit] [pid 3336:tid 676] AH02538: Child: Parent process exited abruptly. Child process is ending
[Sat Dec 05 12:21:34.725906 2020] [ssl:warn] [pid 1804:tid 692] AH01909: www.example.com:443:0 server certificate does NOT include an ID which matches the server name
[Sat Dec 05 12:21:35.099192 2020] [ssl:warn] [pid 1804:tid 692] AH01909: www.example.com:443:0 server certificate does NOT include an ID which matches the server name
[Sat Dec 05 12:21:37.033475 2020] [mpm_winnt:notice] [pid 1804:tid 692] AH00455: Apache/2.4.46 (Win64) OpenSSL/1.1.1h PHP/7.4.13 configured -- resuming normal operations
[Sat Dec 05 12:21:37.033475 2020] [mpm_winnt:notice] [pid 1804:tid 692] AH00456: Apache Lounge VC15 Server built: Oct  3 2020 12:58:33
[Sat Dec 05 12:21:37.033475 2020] [core:notice] [pid 1804:tid 692] AH00094: Command line: 'e:\\xampp\\apache\\bin\\httpd.exe -d E:/XAMPP/apache'
[Sat Dec 05 12:21:37.038469 2020] [mpm_winnt:notice] [pid 1804:tid 692] AH00418: Parent: Created child process 732
[Sat Dec 05 12:21:38.039435 2020] [ssl:warn] [pid 732:tid 616] AH01909: www.example.com:443:0 server certificate does NOT include an ID which matches the server name
[Sat Dec 05 12:21:38.362623 2020] [ssl:warn] [pid 732:tid 616] AH01909: www.example.com:443:0 server certificate does NOT include an ID which matches the server name
[Sat Dec 05 12:21:38.404533 2020] [mpm_winnt:notice] [pid 732:tid 616] AH00354: Child: Starting 150 worker threads.
[Sat Dec 05 12:33:23.550148 2020] [ssl:warn] [pid 6508:tid 712] AH01909: www.example.com:443:0 server certificate does NOT include an ID which matches the server name
[Sat Dec 05 12:33:23.752067 2020] [core:warn] [pid 6508:tid 712] AH00098: pid file E:/XAMPP/apache/logs/httpd.pid overwritten -- Unclean shutdown of previous Apache run?
[Sat Dec 05 12:33:23.760267 2020] [ssl:warn] [pid 6508:tid 712] AH01909: www.example.com:443:0 server certificate does NOT include an ID which matches the server name
[Sat Dec 05 12:33:23.789248 2020] [mpm_winnt:notice] [pid 6508:tid 712] AH00455: Apache/2.4.46 (Win64) OpenSSL/1.1.1h PHP/7.4.13 configured -- resuming normal operations
[Sat Dec 05 12:33:23.789248 2020] [mpm_winnt:notice] [pid 6508:tid 712] AH00456: Apache Lounge VC15 Server built: Oct  3 2020 12:58:33
[Sat Dec 05 12:33:23.789248 2020] [core:notice] [pid 6508:tid 712] AH00094: Command line: 'e:\\xampp\\apache\\bin\\httpd.exe -d E:/XAMPP/apache'
[Sat Dec 05 12:33:23.793247 2020] [mpm_winnt:notice] [pid 6508:tid 712] AH00418: Parent: Created child process 4100
[Sat Dec 05 12:33:24.644258 2020] [ssl:warn] [pid 4100:tid 604] AH01909: www.example.com:443:0 server certificate does NOT include an ID which matches the server name
[Sat Dec 05 12:33:24.807274 2020] [ssl:warn] [pid 4100:tid 604] AH01909: www.example.com:443:0 server certificate does NOT include an ID which matches the server name
[Sat Dec 05 12:33:24.837258 2020] [mpm_winnt:notice] [pid 4100:tid 604] AH00354: Child: Starting 150 worker threads.
[Sat Dec 05 14:41:25.602894 2020] [ssl:warn] [pid 8568:tid 716] AH01909: www.example.com:443:0 server certificate does NOT include an ID which matches the server name
[Sat Dec 05 14:41:25.681054 2020] [core:warn] [pid 8568:tid 716] AH00098: pid file E:/XAMPP/apache/logs/httpd.pid overwritten -- Unclean shutdown of previous Apache run?
[Sat Dec 05 14:41:25.696645 2020] [ssl:warn] [pid 8568:tid 716] AH01909: www.example.com:443:0 server certificate does NOT include an ID which matches the server name
[Sat Dec 05 14:41:25.712267 2020] [mpm_winnt:notice] [pid 8568:tid 716] AH00455: Apache/2.4.46 (Win64) OpenSSL/1.1.1h PHP/7.4.13 configured -- resuming normal operations
[Sat Dec 05 14:41:25.712267 2020] [mpm_winnt:notice] [pid 8568:tid 716] AH00456: Apache Lounge VC15 Server built: Oct  3 2020 12:58:33
[Sat Dec 05 14:41:25.712267 2020] [core:notice] [pid 8568:tid 716] AH00094: Command line: 'e:\\xampp\\apache\\bin\\httpd.exe -d E:/XAMPP/apache'
[Sat Dec 05 14:41:25.727894 2020] [mpm_winnt:notice] [pid 8568:tid 716] AH00418: Parent: Created child process 6152
[Sat Dec 05 14:41:26.672100 2020] [ssl:warn] [pid 6152:tid 704] AH01909: www.example.com:443:0 server certificate does NOT include an ID which matches the server name
[Sat Dec 05 14:41:27.813504 2020] [ssl:warn] [pid 6152:tid 704] AH01909: www.example.com:443:0 server certificate does NOT include an ID which matches the server name
[Sat Dec 05 14:41:27.844754 2020] [mpm_winnt:notice] [pid 6152:tid 704] AH00354: Child: Starting 150 worker threads.
[Sun Dec 06 20:15:53.302970 2020] [ssl:warn] [pid 2608:tid 708] AH01909: www.example.com:443:0 server certificate does NOT include an ID which matches the server name
[Sun Dec 06 20:15:53.384030 2020] [core:warn] [pid 2608:tid 708] AH00098: pid file E:/XAMPP/apache/logs/httpd.pid overwritten -- Unclean shutdown of previous Apache run?
[Sun Dec 06 20:15:53.392680 2020] [ssl:warn] [pid 2608:tid 708] AH01909: www.example.com:443:0 server certificate does NOT include an ID which matches the server name
[Sun Dec 06 20:15:54.962873 2020] [mpm_winnt:notice] [pid 2608:tid 708] AH00455: Apache/2.4.46 (Win64) OpenSSL/1.1.1h PHP/7.4.13 configured -- resuming normal operations
[Sun Dec 06 20:15:54.962873 2020] [mpm_winnt:notice] [pid 2608:tid 708] AH00456: Apache Lounge VC15 Server built: Oct  3 2020 12:58:33
[Sun Dec 06 20:15:54.962873 2020] [core:notice] [pid 2608:tid 708] AH00094: Command line: 'e:\\xampp\\apache\\bin\\httpd.exe -d E:/XAMPP/apache'
[Sun Dec 06 20:15:54.967877 2020] [mpm_winnt:notice] [pid 2608:tid 708] AH00418: Parent: Created child process 328
[Sun Dec 06 20:15:55.812858 2020] [ssl:warn] [pid 328:tid 656] AH01909: www.example.com:443:0 server certificate does NOT include an ID which matches the server name
[Sun Dec 06 20:15:55.903033 2020] [ssl:warn] [pid 328:tid 656] AH01909: www.example.com:443:0 server certificate does NOT include an ID which matches the server name
[Sun Dec 06 20:15:55.932652 2020] [mpm_winnt:notice] [pid 328:tid 656] AH00354: Child: Starting 150 worker threads.
[Tue Dec 08 17:12:03.763737 2020] [ssl:warn] [pid 304:tid 704] AH01909: www.example.com:443:0 server certificate does NOT include an ID which matches the server name
[Tue Dec 08 17:12:03.933459 2020] [core:warn] [pid 304:tid 704] AH00098: pid file E:/XAMPP/apache/logs/httpd.pid overwritten -- Unclean shutdown of previous Apache run?
[Tue Dec 08 17:12:03.940453 2020] [ssl:warn] [pid 304:tid 704] AH01909: www.example.com:443:0 server certificate does NOT include an ID which matches the server name
[Tue Dec 08 17:12:05.483871 2020] [mpm_winnt:notice] [pid 304:tid 704] AH00455: Apache/2.4.46 (Win64) OpenSSL/1.1.1h PHP/7.4.13 configured -- resuming normal operations
[Tue Dec 08 17:12:05.483871 2020] [mpm_winnt:notice] [pid 304:tid 704] AH00456: Apache Lounge VC15 Server built: Oct  3 2020 12:58:33
[Tue Dec 08 17:12:05.483871 2020] [core:notice] [pid 304:tid 704] AH00094: Command line: 'e:\\xampp\\apache\\bin\\httpd.exe -d E:/XAMPP/apache'
[Tue Dec 08 17:12:05.483871 2020] [mpm_winnt:notice] [pid 304:tid 704] AH00418: Parent: Created child process 4980
[Tue Dec 08 17:12:06.228458 2020] [ssl:warn] [pid 4980:tid 684] AH01909: www.example.com:443:0 server certificate does NOT include an ID which matches the server name
[Tue Dec 08 17:12:06.299309 2020] [ssl:warn] [pid 4980:tid 684] AH01909: www.example.com:443:0 server certificate does NOT include an ID which matches the server name
[Tue Dec 08 17:12:06.330570 2020] [mpm_winnt:notice] [pid 4980:tid 684] AH00354: Child: Starting 150 worker threads.
[Wed Dec 09 19:11:25.171503 2020] [ssl:warn] [pid 5896:tid 700] AH01909: www.example.com:443:0 server certificate does NOT include an ID which matches the server name
[Wed Dec 09 19:11:25.379262 2020] [core:warn] [pid 5896:tid 700] AH00098: pid file E:/XAMPP/apache/logs/httpd.pid overwritten -- Unclean shutdown of previous Apache run?
[Wed Dec 09 19:11:25.384258 2020] [ssl:warn] [pid 5896:tid 700] AH01909: www.example.com:443:0 server certificate does NOT include an ID which matches the server name
[Wed Dec 09 19:11:27.869631 2020] [mpm_winnt:notice] [pid 5896:tid 700] AH00455: Apache/2.4.46 (Win64) OpenSSL/1.1.1h PHP/7.4.13 configured -- resuming normal operations
[Wed Dec 09 19:11:27.869631 2020] [mpm_winnt:notice] [pid 5896:tid 700] AH00456: Apache Lounge VC15 Server built: Oct  3 2020 12:58:33
[Wed Dec 09 19:11:27.869631 2020] [core:notice] [pid 5896:tid 700] AH00094: Command line: 'e:\\xampp\\apache\\bin\\httpd.exe -d E:/XAMPP/apache'
[Wed Dec 09 19:11:27.903653 2020] [mpm_winnt:notice] [pid 5896:tid 700] AH00418: Parent: Created child process 6336
[Wed Dec 09 19:11:28.831961 2020] [ssl:warn] [pid 6336:tid 592] AH01909: www.example.com:443:0 server certificate does NOT include an ID which matches the server name
[Wed Dec 09 19:11:28.945945 2020] [ssl:warn] [pid 6336:tid 592] AH01909: www.example.com:443:0 server certificate does NOT include an ID which matches the server name
[Wed Dec 09 19:11:28.975924 2020] [mpm_winnt:notice] [pid 6336:tid 592] AH00354: Child: Starting 150 worker threads.
[Mon Dec 28 21:03:48.186001 2020] [ssl:warn] [pid 7104:tid 704] AH01909: www.example.com:443:0 server certificate does NOT include an ID which matches the server name
[Mon Dec 28 21:03:48.373453 2020] [core:warn] [pid 7104:tid 704] AH00098: pid file E:/XAMPP/apache/logs/httpd.pid overwritten -- Unclean shutdown of previous Apache run?
[Mon Dec 28 21:03:48.373453 2020] [ssl:warn] [pid 7104:tid 704] AH01909: www.example.com:443:0 server certificate does NOT include an ID which matches the server name
[Mon Dec 28 21:03:49.922393 2020] [mpm_winnt:notice] [pid 7104:tid 704] AH00455: Apache/2.4.46 (Win64) OpenSSL/1.1.1h PHP/7.4.13 configured -- resuming normal operations
[Mon Dec 28 21:03:49.922393 2020] [mpm_winnt:notice] [pid 7104:tid 704] AH00456: Apache Lounge VC15 Server built: Oct  3 2020 12:58:33
[Mon Dec 28 21:03:49.922393 2020] [core:notice] [pid 7104:tid 704] AH00094: Command line: 'e:\\xampp\\apache\\bin\\httpd.exe -d E:/XAMPP/apache'
[Mon Dec 28 21:03:49.937975 2020] [mpm_winnt:notice] [pid 7104:tid 704] AH00418: Parent: Created child process 2736
[Mon Dec 28 21:03:50.797331 2020] [ssl:warn] [pid 2736:tid 704] AH01909: www.example.com:443:0 server certificate does NOT include an ID which matches the server name
[Mon Dec 28 21:03:50.875454 2020] [ssl:warn] [pid 2736:tid 704] AH01909: www.example.com:443:0 server certificate does NOT include an ID which matches the server name
[Mon Dec 28 21:03:50.922345 2020] [mpm_winnt:notice] [pid 2736:tid 704] AH00354: Child: Starting 150 worker threads.
